GROUP,PACKAGE,CLASS,INSTRUCTION_MISSED,INSTRUCTION_COVERED,BRANCH_MISSED,BRANCH_COVERED,LINE_MISSED,LINE_COVERED,COMPLEXITY_MISSED,COMPLEXITY_COVERED,METHOD_MISSED,METHOD_COVERED
P1,com.revature.models,User,39,0,0,0,14,0,6,0,6,0
P1,com.revature.models,CustInfo,182,9,8,0,50,4,22,2,18,2
P1,com.revature.models,BankAccount,103,15,6,0,32,6,13,2,10,2
P1,com.revature,Driver,69,0,0,0,12,0,3,0,3,0
P1,com.revature.util,ConnectionFactory,58,0,4,0,21,0,4,0,2,0
P1,com.revature.util,Logging,70,0,0,0,23,0,3,0,3,0
P1,com.revature.servlet,AccountServlet,30,0,0,0,11,0,5,0,5,0
P1,com.revature.servlet,CustomerServlet,30,0,0,0,11,0,5,0,5,0
P1,com.revature.service,AccountService,307,0,16,0,96,0,18,0,10,0
P1,com.revature.service,CustomerService,311,0,16,0,98,0,18,0,10,0
