-------------------------------------------------------------------------------
Test set: com.revature.service.CustomerServiceTest
-------------------------------------------------------------------------------
Tests run: 16, Failures: 1, Errors: 3, Skipped: 0, Time elapsed: 0.082 s <<< FAILURE! - in com.revature.service.CustomerServiceTest
updateCustomerSQLExceptionTest  Time elapsed: 0 s  <<< ERROR!
java.lang.NullPointerException
	at com.revature.service.CustomerServiceTest.updateCustomerSQLExceptionTest(CustomerServiceTest.java:247)

insertCustomerTest  Time elapsed: 0 s  <<< FAILURE!
org.mockito.exceptions.verification.WantedButNotInvoked: 

Wanted but not invoked:
printWriter.print("test json");
-> at com.revature.service.CustomerServiceTest.insertCustomerTest(CustomerServiceTest.java:80)
Actually, there were zero interactions with this mock.

	at com.revature.service.CustomerServiceTest.insertCustomerTest(CustomerServiceTest.java:80)

updateCustomerTest  Time elapsed: 0 s  <<< ERROR!
java.lang.NullPointerException
	at com.revature.service.CustomerServiceTest.updateCustomerTest(CustomerServiceTest.java:205)

updateCustomerUserInputIDZeroTest  Time elapsed: 0 s  <<< ERROR!
java.lang.NullPointerException
	at com.revature.service.CustomerServiceTest.updateCustomerUserInputIDZeroTest(CustomerServiceTest.java:222)

