<?xml version="1.0" encoding="UTF-8"?>
<testsuite xmlns:xsi="http://www.w3.org/2001/XMLSchema-instance" xsi:noNamespaceSchemaLocation="https://maven.apache.org/surefire/maven-surefire-plugin/xsd/surefire-test-report.xsd" name="com.revature.service.CustomerServiceTest" time="0.082" tests="16" errors="3" skipped="0" failures="1">
  <properties>
[...]
</properties>
  <testcase name="updateCustomerSQLExceptionTest" classname="com.revature.service.CustomerServiceTest" time="0">
    <error type="java.lang.NullPointerException">java.lang.NullPointerException
	at com.revature.service.CustomerServiceTest.updateCustomerSQLExceptionTest(CustomerServiceTest.java:247)
</error>
  </testcase>
  <testcase name="insertCustomerTestButBadRequest" classname="com.revature.service.CustomerServiceTest" time="0"/>
  <testcase name="getCustomersTestAllAccounts" classname="com.revature.service.CustomerServiceTest" time="0"/>
  <testcase name="getCustomersTestEmptyRequest" classname="com.revature.service.CustomerServiceTest" time="0"/>
  <testcase name="getCustomersTestModelCreationFailure" classname="com.revature.service.CustomerServiceTest" time="0.013"/>
  <testcase name="getCustomersTestAccountNotFound" classname="com.revature.service.CustomerServiceTest" time="0"/>
  <testcase name="insertCustomerTestButORMFailedToAccessConstructor" classname="com.revature.service.CustomerServiceTest" time="0.012"/>
  <testcase name="updateCustomerIOExceptionTest" classname="com.revature.service.CustomerServiceTest" time="0.016"/>
  <testcase name="deleteCustomerTest" classname="com.revature.service.CustomerServiceTest" time="0"/>
  <testcase name="insertCustomerTest" classname="com.revature.service.CustomerServiceTest" time="0">
    <failure message="&#10;Wanted but not invoked:&#10;printWriter.print(&quot;test json&quot;);&#10;-&gt; at com.revature.service.CustomerServiceTest.insertCustomerTest(CustomerServiceTest.java:80)&#10;Actually, there were zero interactions with this mock.&#10;" type="org.mockito.exceptions.verification.WantedButNotInvoked">org.mockito.exceptions.verification.WantedButNotInvoked: 

Wanted but not invoked:
printWriter.print("test json");
-> at com.revature.service.CustomerServiceTest.insertCustomerTest(CustomerServiceTest.java:80)
Actually, there were zero interactions with this mock.

	at com.revature.service.CustomerServiceTest.insertCustomerTest(CustomerServiceTest.java:80)
</failure>
    <system-out><![CDATA[WARN : 2021-08-24 00:06:04 : 
]]></system-out>
  </testcase>
  <testcase name="updateCustomerTest" classname="com.revature.service.CustomerServiceTest" time="0">
    <error type="java.lang.NullPointerException">java.lang.NullPointerException
	at com.revature.service.CustomerServiceTest.updateCustomerTest(CustomerServiceTest.java:205)
</error>
  </testcase>
  <testcase name="deleteCustomerFailTest" classname="com.revature.service.CustomerServiceTest" time="0.014"/>
  <testcase name="getCustomersTest" classname="com.revature.service.CustomerServiceTest" time="0"/>
  <testcase name="updateCustomerUserInputIDZeroTest" classname="com.revature.service.CustomerServiceTest" time="0">
    <error type="java.lang.NullPointerException">java.lang.NullPointerException
	at com.revature.service.CustomerServiceTest.updateCustomerUserInputIDZeroTest(CustomerServiceTest.java:222)
</error>
  </testcase>
  <testcase name="getCustomersTestSQLFailure" classname="com.revature.service.CustomerServiceTest" time="0.012"/>
  <testcase name="insertCustomerTestButORMFailedWithSQL" classname="com.revature.service.CustomerServiceTest" time="0.014"/>
</testsuite>