<?xml version="1.0" encoding="UTF-8"?>
<testsuite xmlns:xsi="http://www.w3.org/2001/XMLSchema-instance" xsi:noNamespaceSchemaLocation="https://maven.apache.org/surefire/maven-surefire-plugin/xsd/surefire-test-report.xsd" name="com.revature.models.CustInfoTest" time="0.057" tests="17" errors="0" skipped="0" failures="8">
  <properties>
    <property name="sun.desktop" value="windows"/>
    <property name="awt.toolkit" value="sun.awt.windows.WToolkit"/>
    <property name="file.encoding.pkg" value="sun.io"/>
    <property name="java.specification.version" value="1.8"/>
    <property name="sun.cpu.isalist" value="amd64"/>
    <property name="sun.jnu.encoding" value="Cp1252"/>
    <property name="java.class.path" value="D:\IntelliJ\IntelliJ IDEA Community Edition 2021.1.3\P1\target\test-classes;D:\IntelliJ\IntelliJ IDEA Community Edition 2021.1.3\P1\target\classes;C:\Users\Julia\.m2\repository\org\postgresql\postgresql\42.2.19\postgresql-42.2.19.jar;C:\Users\Julia\.m2\repository\org\checkerframework\checker-qual\3.5.0\checker-qual-3.5.0.jar;D:\IntelliJ\IntelliJ IDEA Community Edition 2021.1.3\Project01\target\Project01-2.0.jar;C:\Users\Julia\.m2\repository\org\junit\jupiter\junit-jupiter\5.7.2\junit-jupiter-5.7.2.jar;C:\Users\Julia\.m2\repository\org\junit\jupiter\junit-jupiter-api\5.7.2\junit-jupiter-api-5.7.2.jar;C:\Users\Julia\.m2\repository\org\apiguardian\apiguardian-api\1.1.0\apiguardian-api-1.1.0.jar;C:\Users\Julia\.m2\repository\org\opentest4j\opentest4j\1.2.0\opentest4j-1.2.0.jar;C:\Users\Julia\.m2\repository\org\junit\platform\junit-platform-commons\1.7.2\junit-platform-commons-1.7.2.jar;C:\Users\Julia\.m2\repository\org\junit\jupiter\junit-jupiter-params\5.7.2\junit-jupiter-params-5.7.2.jar;C:\Users\Julia\.m2\repository\org\junit\jupiter\junit-jupiter-engine\5.7.2\junit-jupiter-engine-5.7.2.jar;C:\Users\Julia\.m2\repository\org\junit\platform\junit-platform-engine\1.7.2\junit-platform-engine-1.7.2.jar;C:\Users\Julia\.m2\repository\org\apache\logging\log4j\log4j-core\2.14.1\log4j-core-2.14.1.jar;C:\Users\Julia\.m2\repository\org\apache\logging\log4j\log4j-api\2.14.1\log4j-api-2.14.1.jar;C:\Users\Julia\.m2\repository\org\slf4j\slf4j-api\1.7.30\slf4j-api-1.7.30.jar;C:\Users\Julia\.m2\repository\org\slf4j\slf4j-log4j12\1.7.30\slf4j-log4j12-1.7.30.jar;C:\Users\Julia\.m2\repository\log4j\log4j\1.2.17\log4j-1.2.17.jar;C:\Users\Julia\.m2\repository\org\jacoco\org.jacoco.core\0.8.7\org.jacoco.core-0.8.7.jar;C:\Users\Julia\.m2\repository\org\ow2\asm\asm\9.1\asm-9.1.jar;C:\Users\Julia\.m2\repository\org\ow2\asm\asm-commons\9.1\asm-commons-9.1.jar;C:\Users\Julia\.m2\repository\org\ow2\asm\asm-analysis\9.1\asm-analysis-9.1.jar;C:\Users\Julia\.m2\repository\org\ow2\asm\asm-tree\9.1\asm-tree-9.1.jar;C:\Users\Julia\.m2\repository\com\fasterxml\jackson\core\jackson-databind\2.12.3\jackson-databind-2.12.3.jar;C:\Users\Julia\.m2\repository\com\fasterxml\jackson\core\jackson-annotations\2.12.3\jackson-annotations-2.12.3.jar;C:\Users\Julia\.m2\repository\com\fasterxml\jackson\core\jackson-core\2.12.3\jackson-core-2.12.3.jar;C:\Users\Julia\.m2\repository\javax\servlet\javax.servlet-api\4.0.1\javax.servlet-api-4.0.1.jar;C:\Users\Julia\.m2\repository\org\apache\tomcat\tomcat-util\9.0.43\tomcat-util-9.0.43.jar;C:\Users\Julia\.m2\repository\org\apache\tomcat\tomcat-juli\9.0.43\tomcat-juli-9.0.43.jar;C:\Users\Julia\.m2\repository\org\reflections\reflections\0.9.12\reflections-0.9.12.jar;C:\Users\Julia\.m2\repository\org\javassist\javassist\3.26.0-GA\javassist-3.26.0-GA.jar;"/>
    <property name="java.vm.vendor" value="Oracle Corporation"/>
    <property name="sun.arch.data.model" value="64"/>
    <property name="user.variant" value=""/>
    <property name="java.vendor.url" value="http://java.oracle.com/"/>
    <property name="user.timezone" value="America/Chicago"/>
    <property name="java.vm.specification.version" value="1.8"/>
    <property name="os.name" value="Windows 10"/>
    <property name="user.country" value="US"/>
    <property name="sun.java.launcher" value="SUN_STANDARD"/>
    <property name="sun.boot.library.path" value="D:\Java\jdk1.8.0_301\jre\bin"/>
    <property name="sun.java.command" value="C:\Users\Julia\AppData\Local\Temp\surefire2571656208485939796\surefirebooter8664107481420815130.jar C:\Users\Julia\AppData\Local\Temp\surefire2571656208485939796 2021-08-23T00-42-09_450-jvmRun1 surefire5193417477832557544tmp surefire_03695248578007533651tmp"/>
    <property name="surefire.test.class.path" value="D:\IntelliJ\IntelliJ IDEA Community Edition 2021.1.3\P1\target\test-classes;D:\IntelliJ\IntelliJ IDEA Community Edition 2021.1.3\P1\target\classes;C:\Users\Julia\.m2\repository\org\postgresql\postgresql\42.2.19\postgresql-42.2.19.jar;C:\Users\Julia\.m2\repository\org\checkerframework\checker-qual\3.5.0\checker-qual-3.5.0.jar;D:\IntelliJ\IntelliJ IDEA Community Edition 2021.1.3\Project01\target\Project01-2.0.jar;C:\Users\Julia\.m2\repository\org\junit\jupiter\junit-jupiter\5.7.2\junit-jupiter-5.7.2.jar;C:\Users\Julia\.m2\repository\org\junit\jupiter\junit-jupiter-api\5.7.2\junit-jupiter-api-5.7.2.jar;C:\Users\Julia\.m2\repository\org\apiguardian\apiguardian-api\1.1.0\apiguardian-api-1.1.0.jar;C:\Users\Julia\.m2\repository\org\opentest4j\opentest4j\1.2.0\opentest4j-1.2.0.jar;C:\Users\Julia\.m2\repository\org\junit\platform\junit-platform-commons\1.7.2\junit-platform-commons-1.7.2.jar;C:\Users\Julia\.m2\repository\org\junit\jupiter\junit-jupiter-params\5.7.2\junit-jupiter-params-5.7.2.jar;C:\Users\Julia\.m2\repository\org\junit\jupiter\junit-jupiter-engine\5.7.2\junit-jupiter-engine-5.7.2.jar;C:\Users\Julia\.m2\repository\org\junit\platform\junit-platform-engine\1.7.2\junit-platform-engine-1.7.2.jar;C:\Users\Julia\.m2\repository\org\apache\logging\log4j\log4j-core\2.14.1\log4j-core-2.14.1.jar;C:\Users\Julia\.m2\repository\org\apache\logging\log4j\log4j-api\2.14.1\log4j-api-2.14.1.jar;C:\Users\Julia\.m2\repository\org\slf4j\slf4j-api\1.7.30\slf4j-api-1.7.30.jar;C:\Users\Julia\.m2\repository\org\slf4j\slf4j-log4j12\1.7.30\slf4j-log4j12-1.7.30.jar;C:\Users\Julia\.m2\repository\log4j\log4j\1.2.17\log4j-1.2.17.jar;C:\Users\Julia\.m2\repository\org\jacoco\org.jacoco.core\0.8.7\org.jacoco.core-0.8.7.jar;C:\Users\Julia\.m2\repository\org\ow2\asm\asm\9.1\asm-9.1.jar;C:\Users\Julia\.m2\repository\org\ow2\asm\asm-commons\9.1\asm-commons-9.1.jar;C:\Users\Julia\.m2\repository\org\ow2\asm\asm-analysis\9.1\asm-analysis-9.1.jar;C:\Users\Julia\.m2\repository\org\ow2\asm\asm-tree\9.1\asm-tree-9.1.jar;C:\Users\Julia\.m2\repository\com\fasterxml\jackson\core\jackson-databind\2.12.3\jackson-databind-2.12.3.jar;C:\Users\Julia\.m2\repository\com\fasterxml\jackson\core\jackson-annotations\2.12.3\jackson-annotations-2.12.3.jar;C:\Users\Julia\.m2\repository\com\fasterxml\jackson\core\jackson-core\2.12.3\jackson-core-2.12.3.jar;C:\Users\Julia\.m2\repository\javax\servlet\javax.servlet-api\4.0.1\javax.servlet-api-4.0.1.jar;C:\Users\Julia\.m2\repository\org\apache\tomcat\tomcat-util\9.0.43\tomcat-util-9.0.43.jar;C:\Users\Julia\.m2\repository\org\apache\tomcat\tomcat-juli\9.0.43\tomcat-juli-9.0.43.jar;C:\Users\Julia\.m2\repository\org\reflections\reflections\0.9.12\reflections-0.9.12.jar;C:\Users\Julia\.m2\repository\org\javassist\javassist\3.26.0-GA\javassist-3.26.0-GA.jar;"/>
    <property name="sun.cpu.endian" value="little"/>
    <property name="user.home" value="C:\Users\Julia"/>
    <property name="user.language" value="en"/>
    <property name="java.specification.vendor" value="Oracle Corporation"/>
    <property name="java.home" value="D:\Java\jdk1.8.0_301\jre"/>
    <property name="basedir" value="D:\IntelliJ\IntelliJ IDEA Community Edition 2021.1.3\P1"/>
    <property name="file.separator" value="\"/>
    <property name="line.separator" value="&#10;"/>
    <property name="java.vm.specification.vendor" value="Oracle Corporation"/>
    <property name="java.specification.name" value="Java Platform API Specification"/>
    <property name="java.awt.graphicsenv" value="sun.awt.Win32GraphicsEnvironment"/>
    <property name="surefire.real.class.path" value="C:\Users\Julia\AppData\Local\Temp\surefire2571656208485939796\surefirebooter8664107481420815130.jar;C:\\Users\\Julia\\.m2\\repository\\org\\jacoco\\org.jacoco.agent\\0.8.6\\org.jacoco.agent-0.8.6-runtime.jar"/>
    <property name="sun.boot.class.path" value="D:\Java\jdk1.8.0_301\jre\lib\resources.jar;D:\Java\jdk1.8.0_301\jre\lib\rt.jar;D:\Java\jdk1.8.0_301\jre\lib\sunrsasign.jar;D:\Java\jdk1.8.0_301\jre\lib\jsse.jar;D:\Java\jdk1.8.0_301\jre\lib\jce.jar;D:\Java\jdk1.8.0_301\jre\lib\charsets.jar;D:\Java\jdk1.8.0_301\jre\lib\jfr.jar;D:\Java\jdk1.8.0_301\jre\classes"/>
    <property name="user.script" value=""/>
    <property name="sun.management.compiler" value="HotSpot 64-Bit Tiered Compilers"/>
    <property name="java.runtime.version" value="1.8.0_301-b09"/>
    <property name="user.name" value="Julia"/>
    <property name="path.separator" value=";"/>
    <property name="os.version" value="10.0"/>
    <property name="java.endorsed.dirs" value="D:\Java\jdk1.8.0_301\jre\lib\endorsed"/>
    <property name="java.runtime.name" value="Java(TM) SE Runtime Environment"/>
    <property name="file.encoding" value="Cp1252"/>
    <property name="java.vm.name" value="Java HotSpot(TM) 64-Bit Server VM"/>
    <property name="localRepository" value="C:\Users\Julia\.m2\repository"/>
    <property name="java.vendor.url.bug" value="http://bugreport.sun.com/bugreport/"/>
    <property name="java.io.tmpdir" value="C:\Users\Julia\AppData\Local\Temp\"/>
    <property name="idea.version" value="2021.2"/>
    <property name="java.version" value="1.8.0_301"/>
    <property name="user.dir" value="D:\IntelliJ\IntelliJ IDEA Community Edition 2021.1.3\P1"/>
    <property name="os.arch" value="amd64"/>
    <property name="java.vm.specification.name" value="Java Virtual Machine Specification"/>
    <property name="java.awt.printerjob" value="sun.awt.windows.WPrinterJob"/>
    <property name="sun.os.patch.level" value=""/>
    <property name="java.library.path" value="D:\Java\jdk1.8.0_301\jre\bin;C:\Windows\Sun\Java\bin;C:\Windows\system32;C:\Windows;D:\Java\jdk1.8.0_301\bin;C:\Program Files\Common Files\Oracle\Java\javapath;C:\Program Files (x86)\Common Files\Oracle\Java\javapath;C:\Windows\system32;C:\Windows;C:\Windows\System32\Wbem;C:\Windows\System32\WindowsPowerShell\v1.0\;C:\Windows\System32\OpenSSH\;C:\Program Files (x86)\NVIDIA Corporation\PhysX\Common;C:\Program Files\NVIDIA Corporation\NVIDIA NvDLISR;D:\MATLAB\App\bin;D:\Git\Git\cmd;;C:\Program Files\Docker\Docker\resources\bin;C:\ProgramData\DockerDesktop\version-bin;C:\Users\Julia\AppData\Local\Microsoft\WindowsApps;;."/>
    <property name="java.vm.info" value="mixed mode"/>
    <property name="java.vendor" value="Oracle Corporation"/>
    <property name="java.vm.version" value="25.301-b09"/>
    <property name="java.ext.dirs" value="D:\Java\jdk1.8.0_301\jre\lib\ext;C:\Windows\Sun\Java\lib\ext"/>
    <property name="sun.io.unicode.encoding" value="UnicodeLittle"/>
    <property name="java.class.version" value="52.0"/>
  </properties>
  <testcase name="testSetID" classname="com.revature.models.CustInfoTest" time="0.021"/>
  <testcase name="testSetUserName" classname="com.revature.models.CustInfoTest" time="0"/>
  <testcase name="testSetPassword" classname="com.revature.models.CustInfoTest" time="0"/>
  <testcase name="testSetfName" classname="com.revature.models.CustInfoTest" time="0.001"/>
  <testcase name="testSetlName" classname="com.revature.models.CustInfoTest" time="0.001"/>
  <testcase name="testSetBirthDate" classname="com.revature.models.CustInfoTest" time="0.001"/>
  <testcase name="testSetPhoneNum" classname="com.revature.models.CustInfoTest" time="0.001"/>
  <testcase name="testSetEmail" classname="com.revature.models.CustInfoTest" time="0"/>
  <testcase name="testGetID" classname="com.revature.models.CustInfoTest" time="0.016">
    <failure message="expected: &lt;1&gt; but was: &lt;0&gt;" type="org.opentest4j.AssertionFailedError"><![CDATA[org.opentest4j.AssertionFailedError: expected: <1> but was: <0>
	at com.revature.models.CustInfoTest.testGetID(CustInfoTest.java:57)
]]></failure>
  </testcase>
  <testcase name="testGetUserName" classname="com.revature.models.CustInfoTest" time="0">
    <failure message="expected: &lt;username&gt; but was: &lt;null&gt;" type="org.opentest4j.AssertionFailedError"><![CDATA[org.opentest4j.AssertionFailedError: expected: <username> but was: <null>
	at com.revature.models.CustInfoTest.testGetUserName(CustInfoTest.java:63)
]]></failure>
  </testcase>
  <testcase name="testGetPassword" classname="com.revature.models.CustInfoTest" time="0">
    <failure message="expected: &lt;password&gt; but was: &lt;null&gt;" type="org.opentest4j.AssertionFailedError"><![CDATA[org.opentest4j.AssertionFailedError: expected: <password> but was: <null>
	at com.revature.models.CustInfoTest.testGetPassword(CustInfoTest.java:69)
]]></failure>
  </testcase>
  <testcase name="testGetfName" classname="com.revature.models.CustInfoTest" time="0">
    <failure message="expected: &lt;Test&gt; but was: &lt;null&gt;" type="org.opentest4j.AssertionFailedError"><![CDATA[org.opentest4j.AssertionFailedError: expected: <Test> but was: <null>
	at com.revature.models.CustInfoTest.testGetfName(CustInfoTest.java:75)
]]></failure>
  </testcase>
  <testcase name="testGetlName" classname="com.revature.models.CustInfoTest" time="0.001">
    <failure message="expected: &lt;Last&gt; but was: &lt;null&gt;" type="org.opentest4j.AssertionFailedError"><![CDATA[org.opentest4j.AssertionFailedError: expected: <Last> but was: <null>
	at com.revature.models.CustInfoTest.testGetlName(CustInfoTest.java:81)
]]></failure>
  </testcase>
  <testcase name="testGetBirthDate" classname="com.revature.models.CustInfoTest" time="0.001">
    <failure message="expected: &lt;1999-05-11&gt; but was: &lt;null&gt;" type="org.opentest4j.AssertionFailedError"><![CDATA[org.opentest4j.AssertionFailedError: expected: <1999-05-11> but was: <null>
	at com.revature.models.CustInfoTest.testGetBirthDate(CustInfoTest.java:87)
]]></failure>
  </testcase>
  <testcase name="testGetPhoneNum" classname="com.revature.models.CustInfoTest" time="0.001">
    <failure message="expected: &lt;123-456-7890&gt; but was: &lt;null&gt;" type="org.opentest4j.AssertionFailedError"><![CDATA[org.opentest4j.AssertionFailedError: expected: <123-456-7890> but was: <null>
	at com.revature.models.CustInfoTest.testGetPhoneNum(CustInfoTest.java:93)
]]></failure>
  </testcase>
  <testcase name="testGetEmail" classname="com.revature.models.CustInfoTest" time="0.001">
    <failure message="expected: &lt;test@test.com&gt; but was: &lt;null&gt;" type="org.opentest4j.AssertionFailedError"><![CDATA[org.opentest4j.AssertionFailedError: expected: <test@test.com> but was: <null>
	at com.revature.models.CustInfoTest.testGetEmail(CustInfoTest.java:99)
]]></failure>
  </testcase>
  <testcase name="testTestToString" classname="com.revature.models.CustInfoTest" time="0"/>
</testsuite>