<?xml version="1.0" encoding="UTF-8"?>
<testsuite xmlns:xsi="http://www.w3.org/2001/XMLSchema-instance" xsi:noNamespaceSchemaLocation="https://maven.apache.org/surefire/maven-surefire-plugin/xsd/surefire-test-report.xsd" name="com.revature.models.CustInfoTest" time="0.057" tests="17" errors="0" skipped="0" failures="8">
  <properties>
[...]
</properties>
  <testcase name="testSetID" classname="com.revature.models.CustInfoTest" time="0.021"/>
  <testcase name="testSetUserName" classname="com.revature.models.CustInfoTest" time="0"/>
  <testcase name="testSetPassword" classname="com.revature.models.CustInfoTest" time="0"/>
  <testcase name="testSetfName" classname="com.revature.models.CustInfoTest" time="0.001"/>
  <testcase name="testSetlName" classname="com.revature.models.CustInfoTest" time="0.001"/>
  <testcase name="testSetBirthDate" classname="com.revature.models.CustInfoTest" time="0.001"/>
  <testcase name="testSetPhoneNum" classname="com.revature.models.CustInfoTest" time="0.001"/>
  <testcase name="testSetEmail" classname="com.revature.models.CustInfoTest" time="0"/>
  <testcase name="testGetID" classname="com.revature.models.CustInfoTest" time="0.016">
    <failure message="expected: &lt;1&gt; but was: &lt;0&gt;" type="org.opentest4j.AssertionFailedError"><![CDATA[org.opentest4j.AssertionFailedError: expected: <1> but was: <0>
	at com.revature.models.CustInfoTest.testGetID(CustInfoTest.java:57)
]]></failure>
  </testcase>
  <testcase name="testGetUserName" classname="com.revature.models.CustInfoTest" time="0">
    <failure message="expected: &lt;username&gt; but was: &lt;null&gt;" type="org.opentest4j.AssertionFailedError"><![CDATA[org.opentest4j.AssertionFailedError: expected: <username> but was: <null>
	at com.revature.models.CustInfoTest.testGetUserName(CustInfoTest.java:63)
]]></failure>
  </testcase>
  <testcase name="testGetPassword" classname="com.revature.models.CustInfoTest" time="0">
    <failure message="expected: &lt;password&gt; but was: &lt;null&gt;" type="org.opentest4j.AssertionFailedError"><![CDATA[org.opentest4j.AssertionFailedError: expected: <password> but was: <null>
	at com.revature.models.CustInfoTest.testGetPassword(CustInfoTest.java:69)
]]></failure>
  </testcase>
  <testcase name="testGetfName" classname="com.revature.models.CustInfoTest" time="0">
    <failure message="expected: &lt;Test&gt; but was: &lt;null&gt;" type="org.opentest4j.AssertionFailedError"><![CDATA[org.opentest4j.AssertionFailedError: expected: <Test> but was: <null>
	at com.revature.models.CustInfoTest.testGetfName(CustInfoTest.java:75)
]]></failure>
  </testcase>
  <testcase name="testGetlName" classname="com.revature.models.CustInfoTest" time="0.001">
    <failure message="expected: &lt;Last&gt; but was: &lt;null&gt;" type="org.opentest4j.AssertionFailedError"><![CDATA[org.opentest4j.AssertionFailedError: expected: <Last> but was: <null>
	at com.revature.models.CustInfoTest.testGetlName(CustInfoTest.java:81)
]]></failure>
  </testcase>
  <testcase name="testGetBirthDate" classname="com.revature.models.CustInfoTest" time="0.001">
    <failure message="expected: &lt;1999-05-11&gt; but was: &lt;null&gt;" type="org.opentest4j.AssertionFailedError"><![CDATA[org.opentest4j.AssertionFailedError: expected: <1999-05-11> but was: <null>
	at com.revature.models.CustInfoTest.testGetBirthDate(CustInfoTest.java:87)
]]></failure>
  </testcase>
  <testcase name="testGetPhoneNum" classname="com.revature.models.CustInfoTest" time="0.001">
    <failure message="expected: &lt;123-456-7890&gt; but was: &lt;null&gt;" type="org.opentest4j.AssertionFailedError"><![CDATA[org.opentest4j.AssertionFailedError: expected: <123-456-7890> but was: <null>
	at com.revature.models.CustInfoTest.testGetPhoneNum(CustInfoTest.java:93)
]]></failure>
  </testcase>
  <testcase name="testGetEmail" classname="com.revature.models.CustInfoTest" time="0.001">
    <failure message="expected: &lt;test@test.com&gt; but was: &lt;null&gt;" type="org.opentest4j.AssertionFailedError"><![CDATA[org.opentest4j.AssertionFailedError: expected: <test@test.com> but was: <null>
	at com.revature.models.CustInfoTest.testGetEmail(CustInfoTest.java:99)
]]></failure>
  </testcase>
  <testcase name="testTestToString" classname="com.revature.models.CustInfoTest" time="0"/>
</testsuite>